{"level":"info","message":"Hello from Production-API!","service":"production-api"}
{"level":"info","message":"::1 - - [26/Nov/2025:18:15:40 +0000] \"GET / HTTP/1.1\" 200 26 \"-\" \"Mozilla/5.0 (Windows NT 10.0; Win64; x64) AppleWebKit/537.36 (KHTML, like Gecko) Chrome/142.0.0.0 Safari/537.36\"","service":"production-api"}
{"level":"info","message":"::1 - - [26/Nov/2025:18:15:40 +0000] \"GET /favicon.ico HTTP/1.1\" 404 150 \"-\" \"Mozilla/5.0 (Windows NT 10.0; Win64; x64) AppleWebKit/537.36 (KHTML, like Gecko) Chrome/142.0.0.0 Safari/537.36\"","service":"production-api"}
{"level":"info","message":"Hello from Production-API!","service":"production-api"}
{"level":"info","message":"::1 - - [26/Nov/2025:18:45:52 +0000] \"GET / HTTP/1.1\" 304 - \"-\" \"Mozilla/5.0 (Windows NT 10.0; Win64; x64) AppleWebKit/537.36 (KHTML, like Gecko) Chrome/142.0.0.0 Safari/537.36\"","service":"production-api"}
{"level":"info","message":"Hello from Production-API!","service":"production-api"}
{"level":"info","message":"::1 - - [26/Nov/2025:18:45:57 +0000] \"GET / HTTP/1.1\" 304 - \"-\" \"Mozilla/5.0 (Windows NT 10.0; Win64; x64) AppleWebKit/537.36 (KHTML, like Gecko) Chrome/142.0.0.0 Safari/537.36\"","service":"production-api"}
{"level":"info","message":"::1 - - [26/Nov/2025:18:46:06 +0000] \"GET /health HTTP/1.1\" 200 74 \"-\" \"Mozilla/5.0 (Windows NT 10.0; Win64; x64) AppleWebKit/537.36 (KHTML, like Gecko) Chrome/142.0.0.0 Safari/537.36\"","service":"production-api"}
{"level":"info","message":"::1 - - [26/Nov/2025:18:46:17 +0000] \"GET /api HTTP/1.1\" 200 40 \"-\" \"Mozilla/5.0 (Windows NT 10.0; Win64; x64) AppleWebKit/537.36 (KHTML, like Gecko) Chrome/142.0.0.0 Safari/537.36\"","service":"production-api"}
{"level":"info","message":"::1 - - [26/Nov/2025:18:46:27 +0000] \"GET /api/auth HTTP/1.1\" 404 147 \"-\" \"Mozilla/5.0 (Windows NT 10.0; Win64; x64) AppleWebKit/537.36 (KHTML, like Gecko) Chrome/142.0.0.0 Safari/537.36\"","service":"production-api"}
{"level":"info","message":"::1 - - [26/Nov/2025:19:43:21 +0000] \"POST /api/auth/sign-up HTTP/1.1\" 400 59 \"-\" \"PostmanRuntime/7.39.1\"","service":"production-api"}
{"level":"info","message":"::1 - - [26/Nov/2025:19:45:51 +0000] \"POST /api/auth/sign-up HTTP/1.1\" 400 59 \"-\" \"PostmanRuntime/7.39.1\"","service":"production-api"}
{"level":"info","message":"::1 - - [26/Nov/2025:19:48:51 +0000] \"POST /api/auth/sign-up HTTP/1.1\" 400 59 \"-\" \"PostmanRuntime/7.39.1\"","service":"production-api"}
{"level":"info","message":"::1 - - [26/Nov/2025:19:49:19 +0000] \"POST /api/auth/sign-up HTTP/1.1\" 400 59 \"-\" \"PostmanRuntime/7.39.1\"","service":"production-api"}
{"level":"info","message":"::1 - - [26/Nov/2025:19:49:46 +0000] \"POST /api/auth/sign-up HTTP/1.1\" 400 59 \"-\" \"PostmanRuntime/7.39.1\"","service":"production-api"}
{"level":"info","message":"::1 - - [26/Nov/2025:19:50:37 +0000] \"POST /api/auth/sign-up HTTP/1.1\" 400 59 \"-\" \"PostmanRuntime/7.39.1\"","service":"production-api"}
{"level":"info","message":"::1 - - [26/Nov/2025:19:50:38 +0000] \"POST /api/auth/sign-up HTTP/1.1\" 400 59 \"-\" \"PostmanRuntime/7.39.1\"","service":"production-api"}
{"level":"info","message":"::1 - - [26/Nov/2025:19:50:38 +0000] \"POST /api/auth/sign-up HTTP/1.1\" 400 59 \"-\" \"PostmanRuntime/7.39.1\"","service":"production-api"}
{"level":"info","message":"User registered successfully: user@email.com","service":"production-api"}
{"level":"info","message":"::1 - - [26/Nov/2025:19:50:53 +0000] \"POST /api/auth/sign-up HTTP/1.1\" 201 111 \"-\" \"PostmanRuntime/7.39.1\"","service":"production-api"}
{"level":"error","message":"Error creating user: Error: Failed query: insert into \"users\" (\"id\", \"name\", \"email\", \"password\", \"role\", \"created_at\", \"updated_at\") values (default, $1, $2, default, $3, default, default) returning \"id\", \"name\", \"email\", \"role\", \"created_at\"\nparams: Admin,admin@email.com,admin","service":"production-api"}
{"cause":{"code":"23502","column":"password","detail":"Failing row contains (1, Admin, admin@email.com, null, admin, 2025-11-26 20:24:13.454478, 2025-11-26 20:24:13.454478).","file":"execMain.c","line":"1997","name":"NeonDbError","routine":"ExecConstraints","schema":"public","severity":"ERROR","table":"users"},"level":"error","message":"Signup error Failed query: insert into \"users\" (\"id\", \"name\", \"email\", \"password\", \"role\", \"created_at\", \"updated_at\") values (default, $1, $2, default, $3, default, default) returning \"id\", \"name\", \"email\", \"role\", \"created_at\"\nparams: Admin,admin@email.com,admin","params":["Admin","admin@email.com","admin"],"query":"insert into \"users\" (\"id\", \"name\", \"email\", \"password\", \"role\", \"created_at\", \"updated_at\") values (default, $1, $2, default, $3, default, default) returning \"id\", \"name\", \"email\", \"role\", \"created_at\"","service":"production-api","stack":"Error: Failed query: insert into \"users\" (\"id\", \"name\", \"email\", \"password\", \"role\", \"created_at\", \"updated_at\") values (default, $1, $2, default, $3, default, default) returning \"id\", \"name\", \"email\", \"role\", \"created_at\"\nparams: Admin,admin@email.com,admin\n    at NeonHttpPreparedQuery.queryWithCache (file:///C:/Projects/Production-API/node_modules/drizzle-orm/pg-core/session.js:41:15)\n    at process.processTicksAndRejections (node:internal/process/task_queues:105:5)\n    at async NeonHttpPreparedQuery.execute (file:///C:/Projects/Production-API/node_modules/drizzle-orm/neon-http/session.js:45:20)\n    at async createUser (file:///C:/Projects/Production-API/src/services/auth.service.js:22:23)\n    at async signup (file:///C:/Projects/Production-API/src/controllers/auth.controller.js:18:18)"}
{"level":"info","message":"::1 - - [26/Nov/2025:20:24:13 +0000] \"POST /api/auth/sign-up HTTP/1.1\" 500 1123 \"-\" \"PostmanRuntime/7.39.1\"","service":"production-api"}
{"level":"error","message":"Error creating user: Error: Failed query: insert into \"users\" (\"id\", \"name\", \"email\", \"password\", \"role\", \"created_at\", \"updated_at\") values (default, $1, $2, default, $3, default, default) returning \"id\", \"name\", \"email\", \"role\", \"created_at\"\nparams: Admin,admin@email.com,admin","service":"production-api"}
{"cause":{"code":"23502","column":"password","detail":"Failing row contains (2, Admin, admin@email.com, null, admin, 2025-11-26 20:26:56.726658, 2025-11-26 20:26:56.726658).","file":"execMain.c","line":"1997","name":"NeonDbError","routine":"ExecConstraints","schema":"public","severity":"ERROR","table":"users"},"level":"error","message":"Signup error Failed query: insert into \"users\" (\"id\", \"name\", \"email\", \"password\", \"role\", \"created_at\", \"updated_at\") values (default, $1, $2, default, $3, default, default) returning \"id\", \"name\", \"email\", \"role\", \"created_at\"\nparams: Admin,admin@email.com,admin","params":["Admin","admin@email.com","admin"],"query":"insert into \"users\" (\"id\", \"name\", \"email\", \"password\", \"role\", \"created_at\", \"updated_at\") values (default, $1, $2, default, $3, default, default) returning \"id\", \"name\", \"email\", \"role\", \"created_at\"","service":"production-api","stack":"Error: Failed query: insert into \"users\" (\"id\", \"name\", \"email\", \"password\", \"role\", \"created_at\", \"updated_at\") values (default, $1, $2, default, $3, default, default) returning \"id\", \"name\", \"email\", \"role\", \"created_at\"\nparams: Admin,admin@email.com,admin\n    at NeonHttpPreparedQuery.queryWithCache (file:///C:/Projects/Production-API/node_modules/drizzle-orm/pg-core/session.js:41:15)\n    at process.processTicksAndRejections (node:internal/process/task_queues:105:5)\n    at async NeonHttpPreparedQuery.execute (file:///C:/Projects/Production-API/node_modules/drizzle-orm/neon-http/session.js:45:20)\n    at async createUser (file:///C:/Projects/Production-API/src/services/auth.service.js:22:23)\n    at async signup (file:///C:/Projects/Production-API/src/controllers/auth.controller.js:18:18)"}
{"level":"info","message":"::1 - - [26/Nov/2025:20:26:56 +0000] \"POST /api/auth/sign-up HTTP/1.1\" 500 1123 \"-\" \"PostmanRuntime/7.39.1\"","service":"production-api"}
{"level":"error","message":"Error creating user: Error: Failed query: insert into \"users\" (\"id\", \"name\", \"email\", \"password\", \"role\", \"created_at\", \"updated_at\") values (default, $1, $2, default, $3, default, default) returning \"id\", \"name\", \"email\", \"role\", \"created_at\"\nparams: Admin,admin@email.com,admin","service":"production-api"}
{"cause":{"code":"23502","column":"password","detail":"Failing row contains (3, Admin, admin@email.com, null, admin, 2025-11-26 20:27:29.03491, 2025-11-26 20:27:29.03491).","file":"execMain.c","line":"1997","name":"NeonDbError","routine":"ExecConstraints","schema":"public","severity":"ERROR","table":"users"},"level":"error","message":"Signup error Failed query: insert into \"users\" (\"id\", \"name\", \"email\", \"password\", \"role\", \"created_at\", \"updated_at\") values (default, $1, $2, default, $3, default, default) returning \"id\", \"name\", \"email\", \"role\", \"created_at\"\nparams: Admin,admin@email.com,admin","params":["Admin","admin@email.com","admin"],"query":"insert into \"users\" (\"id\", \"name\", \"email\", \"password\", \"role\", \"created_at\", \"updated_at\") values (default, $1, $2, default, $3, default, default) returning \"id\", \"name\", \"email\", \"role\", \"created_at\"","service":"production-api","stack":"Error: Failed query: insert into \"users\" (\"id\", \"name\", \"email\", \"password\", \"role\", \"created_at\", \"updated_at\") values (default, $1, $2, default, $3, default, default) returning \"id\", \"name\", \"email\", \"role\", \"created_at\"\nparams: Admin,admin@email.com,admin\n    at NeonHttpPreparedQuery.queryWithCache (file:///C:/Projects/Production-API/node_modules/drizzle-orm/pg-core/session.js:41:15)\n    at process.processTicksAndRejections (node:internal/process/task_queues:105:5)\n    at async NeonHttpPreparedQuery.execute (file:///C:/Projects/Production-API/node_modules/drizzle-orm/neon-http/session.js:45:20)\n    at async createUser (file:///C:/Projects/Production-API/src/services/auth.service.js:22:23)\n    at async signup (file:///C:/Projects/Production-API/src/controllers/auth.controller.js:18:18)"}
{"level":"info","message":"::1 - - [26/Nov/2025:20:27:29 +0000] \"POST /api/auth/sign-up HTTP/1.1\" 500 1123 \"-\" \"PostmanRuntime/7.39.1\"","service":"production-api"}
{"level":"info","message":"User admin@email.com created successfully","service":"production-api"}
{"level":"info","message":"User registered successfully: admin@email.com","service":"production-api"}
{"level":"info","message":"::1 - - [26/Nov/2025:20:33:39 +0000] \"POST /api/auth/sign-up HTTP/1.1\" 201 114 \"-\" \"PostmanRuntime/7.39.1\"","service":"production-api"}
{"level":"info","message":"User vishwa@email.com created successfully","service":"production-api"}
{"level":"info","message":"User registered successfully: vishwa@email.com","service":"production-api"}
{"level":"info","message":"::1 - - [26/Nov/2025:20:34:55 +0000] \"POST /api/auth/sign-up HTTP/1.1\" 201 115 \"-\" \"PostmanRuntime/7.39.1\"","service":"production-api"}
{"level":"info","message":"::1 - - [26/Nov/2025:20:37:54 +0000] \"POST /api/auth/sign-up HTTP/1.1\" 400 59 \"-\" \"PostmanRuntime/7.39.1\"","service":"production-api"}
{"level":"info","message":"::1 - - [26/Nov/2025:20:38:26 +0000] \"POST /api/auth/sign-up HTTP/1.1\" 400 59 \"-\" \"PostmanRuntime/7.39.1\"","service":"production-api"}
{"level":"info","message":"::1 - - [26/Nov/2025:20:39:50 +0000] \"POST /api/auth/sign-up HTTP/1.1\" 400 59 \"-\" \"PostmanRuntime/7.39.1\"","service":"production-api"}
{"level":"info","message":"::1 - - [26/Nov/2025:20:41:15 +0000] \"POST /api/auth/sign-up HTTP/1.1\" 400 59 \"-\" \"PostmanRuntime/7.39.1\"","service":"production-api"}
{"level":"info","message":"::1 - - [26/Nov/2025:20:56:37 +0000] \"POST /api/auth/sign-in HTTP/1.1\" 400 59 \"-\" \"PostmanRuntime/7.39.1\"","service":"production-api"}
{"level":"info","message":"User vishwa@email.com authenticated successfully","service":"production-api"}
{"level":"info","message":"User signed in successfully: vishwa@email.com","service":"production-api"}
{"level":"info","message":"::1 - - [26/Nov/2025:20:57:33 +0000] \"POST /api/auth/sign-in HTTP/1.1\" 200 114 \"-\" \"PostmanRuntime/7.39.1\"","service":"production-api"}
{"level":"info","message":"User signed out successfully","service":"production-api"}
{"level":"info","message":"::1 - - [26/Nov/2025:20:57:58 +0000] \"POST /api/auth/sign-out HTTP/1.1\" 200 42 \"-\" \"PostmanRuntime/7.39.1\"","service":"production-api"}
